@!@!@STARTMSG 2262:0 @!@!@
TLC2 Version 2.20 of Day Month 20?? (rev: bb62e53)
@!@!@ENDMSG 2262 @!@!@
@!@!@STARTMSG 2187:0 @!@!@
Running breadth-first search Model-Checking with fp 73 and seed 3482137715347894632 with 1 worker on 8 cores with 3641MB heap and 64MB offheap memory [pid: 49320] (Mac OS X 15.7.3 aarch64, Homebrew 25.0.1 x86_64, MSBDiskFPSet, DiskStateQueue).
@!@!@ENDMSG 2187 @!@!@
@!@!@STARTMSG 2220:0 @!@!@
Starting SANY...
@!@!@ENDMSG 2220 @!@!@
Parsing file /Users/thom.wright/dev/me/tla+/DieHard/DieHard.tla
Parsing file /private/var/folders/75/k8tqjcqd7_sf8ybtpcwmd_nw0000gq/T/tlc-7211063512431792353/TLC.tla (jar:file:/Users/thom.wright/.vscode/extensions/tlaplus.vscode-ide-2025.12.162339/tools/tla2tools.jar!/tla2sany/StandardModules/TLC.tla)
Parsing file /private/var/folders/75/k8tqjcqd7_sf8ybtpcwmd_nw0000gq/T/tlc-7211063512431792353/Integers.tla (jar:file:/Users/thom.wright/.vscode/extensions/tlaplus.vscode-ide-2025.12.162339/tools/tla2tools.jar!/tla2sany/StandardModules/Integers.tla)
Parsing file /private/var/folders/75/k8tqjcqd7_sf8ybtpcwmd_nw0000gq/T/tlc-7211063512431792353/Naturals.tla (jar:file:/Users/thom.wright/.vscode/extensions/tlaplus.vscode-ide-2025.12.162339/tools/tla2tools.jar!/tla2sany/StandardModules/Naturals.tla)
Parsing file /private/var/folders/75/k8tqjcqd7_sf8ybtpcwmd_nw0000gq/T/tlc-7211063512431792353/Sequences.tla (jar:file:/Users/thom.wright/.vscode/extensions/tlaplus.vscode-ide-2025.12.162339/tools/tla2tools.jar!/tla2sany/StandardModules/Sequences.tla)
Parsing file /private/var/folders/75/k8tqjcqd7_sf8ybtpcwmd_nw0000gq/T/tlc-7211063512431792353/FiniteSets.tla (jar:file:/Users/thom.wright/.vscode/extensions/tlaplus.vscode-ide-2025.12.162339/tools/tla2tools.jar!/tla2sany/StandardModules/FiniteSets.tla)
Semantic processing of module Naturals
Semantic processing of module Sequences
Semantic processing of module FiniteSets
Semantic processing of module TLC
Semantic processing of module Integers
Semantic processing of module DieHard
Linting of module DieHard
@!@!@STARTMSG 2219:0 @!@!@
SANY finished.
@!@!@ENDMSG 2219 @!@!@
@!@!@STARTMSG 2185:0 @!@!@
Starting... (2025-12-19 19:19:19)
@!@!@ENDMSG 2185 @!@!@
@!@!@STARTMSG 2189:0 @!@!@
Computing initial states...
@!@!@ENDMSG 2189 @!@!@
@!@!@STARTMSG 2190:0 @!@!@
Finished computing initial states: 1 distinct state generated at 2025-12-19 19:19:20.
@!@!@ENDMSG 2190 @!@!@
@!@!@STARTMSG 2110:1 @!@!@
Invariant NotSolved is violated.
@!@!@ENDMSG 2110 @!@!@
@!@!@STARTMSG 2121:1 @!@!@
The behavior up to this point is:
@!@!@ENDMSG 2121 @!@!@
@!@!@STARTMSG 2217:4 @!@!@
1: <Initial predicate>
/\ big = 0
/\ small = 0

@!@!@ENDMSG 2217 @!@!@
@!@!@STARTMSG 2217:4 @!@!@
2: <FillBig line 17, col 12 to line 18, col 28 of module DieHard>
/\ big = 5
/\ small = 0

@!@!@ENDMSG 2217 @!@!@
@!@!@STARTMSG 2217:4 @!@!@
3: <BigToSmall line 32, col 15 to line 36, col 48 of module DieHard>
/\ big = 2
/\ small = 3

@!@!@ENDMSG 2217 @!@!@
@!@!@STARTMSG 2217:4 @!@!@
4: <EmptySmall line 20, col 15 to line 21, col 29 of module DieHard>
/\ big = 2
/\ small = 0

@!@!@ENDMSG 2217 @!@!@
@!@!@STARTMSG 2217:4 @!@!@
5: <BigToSmall line 32, col 15 to line 36, col 48 of module DieHard>
/\ big = 0
/\ small = 2

@!@!@ENDMSG 2217 @!@!@
@!@!@STARTMSG 2217:4 @!@!@
6: <FillBig line 17, col 12 to line 18, col 28 of module DieHard>
/\ big = 5
/\ small = 2

@!@!@ENDMSG 2217 @!@!@
@!@!@STARTMSG 2217:4 @!@!@
7: <BigToSmall line 32, col 15 to line 36, col 48 of module DieHard>
/\ big = 4
/\ small = 3

@!@!@ENDMSG 2217 @!@!@
@!@!@STARTMSG 2201:0 @!@!@
The coverage statistics at 2025-12-19 19:19:20 (see https://explain.tlapl.us/module-coverage-statistics for how to interpret the following statistics).
@!@!@ENDMSG 2201 @!@!@
@!@!@STARTMSG 2779:0 @!@!@
<big line 4, col 18 to line 4, col 20 of module DieHard>: 5
@!@!@ENDMSG 2779 @!@!@
@!@!@STARTMSG 2779:0 @!@!@
<small line 4, col 11 to line 4, col 15 of module DieHard>: 4
@!@!@ENDMSG 2779 @!@!@
@!@!@STARTMSG 2773:0 @!@!@
<Init line 11, col 1 to line 11, col 4 of module DieHard>: 3:3
@!@!@ENDMSG 2773 @!@!@
@!@!@STARTMSG 2221:0 @!@!@
  line 11, col 9 to line 12, col 20 of module DieHard: 3
@!@!@ENDMSG 2221 @!@!@
@!@!@STARTMSG 2772:0 @!@!@
<FillSmall line 14, col 1 to line 14, col 9 of module DieHard>: 2:24
@!@!@ENDMSG 2772 @!@!@
@!@!@STARTMSG 2221:0 @!@!@
  line 14, col 14 to line 15, col 28 of module DieHard: 24
@!@!@ENDMSG 2221 @!@!@
@!@!@STARTMSG 2772:0 @!@!@
<FillBig line 17, col 1 to line 17, col 7 of module DieHard>: 3:24
@!@!@ENDMSG 2772 @!@!@
@!@!@STARTMSG 2221:0 @!@!@
  line 17, col 12 to line 18, col 28 of module DieHard: 24
@!@!@ENDMSG 2221 @!@!@
@!@!@STARTMSG 2772:0 @!@!@
<EmptySmall line 20, col 1 to line 20, col 10 of module DieHard>: 1:20
@!@!@ENDMSG 2772 @!@!@
@!@!@STARTMSG 2221:0 @!@!@
  line 20, col 15 to line 21, col 29 of module DieHard: 20
@!@!@ENDMSG 2221 @!@!@
@!@!@STARTMSG 2772:0 @!@!@
<EmptyBig line 23, col 1 to line 23, col 8 of module DieHard>: 1:18
@!@!@ENDMSG 2772 @!@!@
@!@!@STARTMSG 2221:0 @!@!@
  line 23, col 13 to line 24, col 29 of module DieHard: 18
@!@!@ENDMSG 2221 @!@!@
@!@!@STARTMSG 2772:0 @!@!@
<SmallToBig line 26, col 1 to line 26, col 10 of module DieHard>: 3:18
@!@!@ENDMSG 2772 @!@!@
@!@!@STARTMSG 2221:0 @!@!@
  line 26, col 18 to line 26, col 33 of module DieHard: 18
@!@!@ENDMSG 2221 @!@!@
@!@!@STARTMSG 2221:0 @!@!@
  line 27, col 20 to line 28, col 32 of module DieHard: 12
@!@!@ENDMSG 2221 @!@!@
@!@!@STARTMSG 2221:0 @!@!@
  line 29, col 20 to line 30, col 48 of module DieHard: 6
@!@!@ENDMSG 2221 @!@!@
@!@!@STARTMSG 2772:0 @!@!@
<BigToSmall line 32, col 1 to line 32, col 10 of module DieHard>: 3:18
@!@!@ENDMSG 2772 @!@!@
@!@!@STARTMSG 2221:0 @!@!@
  line 32, col 18 to line 32, col 33 of module DieHard: 18
@!@!@ENDMSG 2221 @!@!@
@!@!@STARTMSG 2221:0 @!@!@
  line 33, col 20 to line 34, col 32 of module DieHard: 8
@!@!@ENDMSG 2221 @!@!@
@!@!@STARTMSG 2221:0 @!@!@
  line 35, col 23 to line 35, col 32 of module DieHard: 9
@!@!@ENDMSG 2221 @!@!@
@!@!@STARTMSG 2221:0 @!@!@
  line 36, col 23 to line 36, col 48 of module DieHard: 9
@!@!@ENDMSG 2221 @!@!@
@!@!@STARTMSG 2221:0 @!@!@
  |line 36, col 32 to line 36, col 48 of module DieHard: 10
@!@!@ENDMSG 2221 @!@!@
@!@!@STARTMSG 2774:0 @!@!@
<TypeOK line 8, col 1 to line 8, col 6 of module DieHard>
@!@!@ENDMSG 2774 @!@!@
@!@!@STARTMSG 2221:0 @!@!@
  line 8, col 11 to line 9, col 27 of module DieHard: 14
@!@!@ENDMSG 2221 @!@!@
@!@!@STARTMSG 2774:0 @!@!@
<NotSolved line 6, col 1 to line 6, col 9 of module DieHard>
@!@!@ENDMSG 2774 @!@!@
@!@!@STARTMSG 2221:0 @!@!@
  line 6, col 14 to line 6, col 21 of module DieHard: 14
@!@!@ENDMSG 2221 @!@!@
@!@!@STARTMSG 2202:0 @!@!@
End of statistics.
@!@!@ENDMSG 2202 @!@!@
@!@!@STARTMSG 2200:0 @!@!@
Progress(7) at 2025-12-19 19:19:20: 73 states generated (10,977 s/min), 14 distinct states found (2,105 ds/min), 1 states left on queue.
@!@!@ENDMSG 2200 @!@!@
@!@!@STARTMSG 2199:0 @!@!@
73 states generated, 14 distinct states found, 1 states left on queue.
@!@!@ENDMSG 2199 @!@!@
@!@!@STARTMSG 2194:0 @!@!@
The depth of the complete state graph search is 7.
@!@!@ENDMSG 2194 @!@!@
@!@!@STARTMSG 2186:0 @!@!@
Finished in 401ms at (2025-12-19 19:19:20)
@!@!@ENDMSG 2186 @!@!@
